<?xml version="1.0" encoding="UTF-8"?>
<testsuite xmlns:xsi="http://www.w3.org/2001/XMLSchema-instance" xsi:noNamespaceSchemaLocation="https://maven.apache.org/surefire/maven-surefire-plugin/xsd/surefire-test-report-3.0.xsd" version="3.0" name="com.calltaxi.runners.TestRunner1" time="40.08" tests="14" errors="0" skipped="0" failures="4">
  <properties>
[...]
</properties>
  <testcase name="runScenario[&quot;Submit form with all valid data&quot;, &quot;Booking Page UI and Functional Validation&quot;](1)" classname="com.calltaxi.runners.TestRunner1" time="6.413">
    <system-out><![CDATA[
@success
Scenario: Submit form with all valid data                                                 # src/test/java/com/calltaxi/features/booking.feature:4
  Given User launches the browser and opens the cab booking page                          # com.calltaxi.stepdefinitions.BookingStepsExcel.user_opens_booking_page()
13:26:34 [main] INFO  com.calltaxi.pages.BookingPage - Entered Full Name: Mouli
13:26:34 [main] INFO  com.calltaxi.pages.BookingPage - Entered Phone Number: 9876543210
13:26:34 [main] INFO  com.calltaxi.pages.BookingPage - Entered Email: mouli@test.com
13:26:34 [main] INFO  com.calltaxi.pages.BookingPage - Selected Trip: Long
13:26:34 [main] INFO  com.calltaxi.pages.BookingPage - Selected Cab: Mini
13:26:34 [main] INFO  com.calltaxi.pages.BookingPage - Selected Cab Type: AC
13:26:34 [main] INFO  com.calltaxi.pages.BookingPage - Entered Pickup Date: 2025-07-28
13:26:34 [main] INFO  com.calltaxi.pages.BookingPage - Entered Pickup Time: 09:30
13:26:35 [main] INFO  com.calltaxi.pages.BookingPage - Selected Passenger Count: 2
13:26:35 [main] INFO  com.calltaxi.pages.BookingPage - Trip Type: Oneway
  When User fills the form with valid details:                                            # com.calltaxi.stepdefinitions.BookingStepsExcel.user_fills_form(io.cucumber.datatable.DataTable)
    | Name  | Phone      | Email          | Trip | Cab  | CabType | Date       | Time  | Passenger | TripType |
    | Mouli | 9876543210 | mouli@test.com | long | Mini | AC      | 2025-07-28 | 09:30 | 2         | oneway   |
13:26:35 [main] INFO  com.calltaxi.pages.BookingPage - Clicked Book Now button
  And User clicks on Book Now button                                                      # com.calltaxi.stepdefinitions.BookingStepsExcel.user_clicks_book_now()
13:26:35 [main] INFO  com.calltaxi.pages.BookingPage - Confirmation Message: Your Booking has been Confirmed..
  Then Booking confirmation message "Your Booking has been Confirmed" should be displayed # com.calltaxi.stepdefinitions.BookingStepsExcel.booking_confirmation_should_be_displayed(java.lang.String)
]]></system-out>
    <system-err><![CDATA[[main] INFO io.github.bonigarcia.wdm.WebDriverManager - Using chromedriver 139.0.7258.68 (resolved driver for Chrome 139)
[main] INFO io.github.bonigarcia.wdm.WebDriverManager - Exporting webdriver.chrome.driver as C:\Users\pande\.cache\selenium\chromedriver\win64\139.0.7258.68\chromedriver.exe
Aug 19, 2025 1:26:32 PM org.openqa.selenium.devtools.CdpVersionFinder findNearestMatch
WARNING: Unable to find CDP implementation matching 139
Aug 19, 2025 1:26:32 PM org.openqa.selenium.chromium.ChromiumDriver lambda$new$5
WARNING: Unable to find version of CDP to use for 139.0.7258.128. You may need to include a dependency on a specific version of the CDP using something similar to `org.seleniumhq.selenium:selenium-devtools-v86:4.20.0` where the version ("v86") matches the version of the chromium-based browser you're using and the version number of the artifact is the same as Selenium's.
]]></system-err>
  </testcase>
  <testcase name="runScenario[&quot;Submit form with missing name&quot;, &quot;Booking Page UI and Functional Validation&quot;](2)" classname="com.calltaxi.runners.TestRunner1" time="2.498">
    <system-out><![CDATA[
@errordetected
Scenario: Submit form with missing name                                       # src/test/java/com/calltaxi/features/booking.feature:13
  Given User launches the browser and opens the cab booking page              # com.calltaxi.stepdefinitions.BookingStepsExcel.user_opens_booking_page()
13:26:36 [main] WARN  com.calltaxi.pages.BookingPage - Full Name is empty or null
13:26:36 [main] INFO  com.calltaxi.pages.BookingPage - Entered Phone Number: 9876543210
13:26:37 [main] INFO  com.calltaxi.pages.BookingPage - Entered Email: mouli@test.com
13:26:37 [main] INFO  com.calltaxi.pages.BookingPage - Selected Trip: Long
13:26:37 [main] INFO  com.calltaxi.pages.BookingPage - Selected Cab: Mini
13:26:37 [main] INFO  com.calltaxi.pages.BookingPage - Selected Cab Type: AC
13:26:37 [main] INFO  com.calltaxi.pages.BookingPage - Entered Pickup Date: 2025-07-28
13:26:37 [main] INFO  com.calltaxi.pages.BookingPage - Entered Pickup Time: 09:30
13:26:37 [main] INFO  com.calltaxi.pages.BookingPage - Selected Passenger Count: 2
13:26:37 [main] INFO  com.calltaxi.pages.BookingPage - Trip Type: Oneway
  When User fills the form with valid details:                                # com.calltaxi.stepdefinitions.BookingStepsExcel.user_fills_form(io.cucumber.datatable.DataTable)
    | Name    | Phone      | Email          | Trip | Cab  | CabType | Date       | Time  | Passenger | TripType |
    | [empty] | 9876543210 | mouli@test.com | long | Mini | AC      | 2025-07-28 | 09:30 | 2         | oneway   |
13:26:37 [main] INFO  com.calltaxi.pages.BookingPage - Clicked Book Now button
  And User clicks on Book Now button                                          # com.calltaxi.stepdefinitions.BookingStepsExcel.user_clicks_book_now()
  Then Error message "Please enter the name" should be shown under Name field # com.calltaxi.stepdefinitions.BookingStepsExcel.name_error_displayed(java.lang.String)
]]></system-out>
    <system-err><![CDATA[[main] INFO io.github.bonigarcia.wdm.WebDriverManager - Using chromedriver 139.0.7258.68 (resolved driver for Chrome 139)
[main] INFO io.github.bonigarcia.wdm.WebDriverManager - Exporting webdriver.chrome.driver as C:\Users\pande\.cache\selenium\chromedriver\win64\139.0.7258.68\chromedriver.exe
Aug 19, 2025 1:26:36 PM org.openqa.selenium.devtools.CdpVersionFinder findNearestMatch
WARNING: Unable to find CDP implementation matching 139
Aug 19, 2025 1:26:36 PM org.openqa.selenium.chromium.ChromiumDriver lambda$new$5
WARNING: Unable to find version of CDP to use for 139.0.7258.128. You may need to include a dependency on a specific version of the CDP using something similar to `org.seleniumhq.selenium:selenium-devtools-v86:4.20.0` where the version ("v86") matches the version of the chromium-based browser you're using and the version number of the artifact is the same as Selenium's.
]]></system-err>
  </testcase>
  <testcase name="runScenario[&quot;Error message for invalid data should be shown under &quot;name&quot; field&quot;, &quot;Booking Page UI and Functional Validation&quot;](3)" classname="com.calltaxi.runners.TestRunner1" time="2.832">
    <failure message="Validation failed for field: name" type="java.lang.AssertionError"><![CDATA[java.lang.AssertionError: Validation failed for field: name
	at org.junit.Assert.fail(Assert.java:89)
	at org.junit.Assert.assertTrue(Assert.java:42)
	at com.calltaxi.stepdefinitions.BookingStepsExcel.validate_error_under_field(BookingStepsExcel.java:119)
	at ✽.Error message "Please enter a valid name" should be shown under "name" field(file:///C:/Users/pande/Downloads/Sprint2New/Sprint2/CallTaxiAutomation/src/test/java/com/calltaxi/features/booking.feature:28)
]]></failure>
    <system-out><![CDATA[
@knownbug
Scenario: Error message for invalid data should be shown under "name" field         # src/test/java/com/calltaxi/features/booking.feature:32
  Given User launches the browser and opens the cab booking page                    # com.calltaxi.stepdefinitions.BookingStepsExcel.user_opens_booking_page()
13:26:39 [main] INFO  com.calltaxi.pages.BookingPage - Entered Full Name: 12345
13:26:39 [main] INFO  com.calltaxi.pages.BookingPage - Entered Phone Number: 9876543210
13:26:39 [main] INFO  com.calltaxi.pages.BookingPage - Entered Email: valid@mail.com
13:26:39 [main] INFO  com.calltaxi.pages.BookingPage - Selected Trip: Long
13:26:39 [main] INFO  com.calltaxi.pages.BookingPage - Selected Cab: Mini
13:26:39 [main] INFO  com.calltaxi.pages.BookingPage - Selected Cab Type: AC
13:26:39 [main] INFO  com.calltaxi.pages.BookingPage - Entered Pickup Date: 2025-07-30
13:26:39 [main] INFO  com.calltaxi.pages.BookingPage - Entered Pickup Time: 09:30
13:26:39 [main] INFO  com.calltaxi.pages.BookingPage - Selected Passenger Count: 2
13:26:40 [main] INFO  com.calltaxi.pages.BookingPage - Trip Type: Oneway
  When User fills the form with valid details:                                      # com.calltaxi.stepdefinitions.BookingStepsExcel.user_fills_form(io.cucumber.datatable.DataTable)
    | Name  | Phone      | Email          | Trip | Cab  | CabType | Date       | Time  | Passenger | TripType |
    | 12345 | 9876543210 | valid@mail.com | long | Mini | AC      | 2025-07-30 | 09:30 | 2         | oneway   |
13:26:40 [main] INFO  com.calltaxi.pages.BookingPage - Clicked Book Now button
  And User clicks on Book Now button                                                # com.calltaxi.stepdefinitions.BookingStepsExcel.user_clicks_book_now()
13:26:40 [main] ERROR com.calltaxi.pages.BookingPage - Validation FAILED for field Name: expected 'Please enter a valid name', but got 'Your Booking has been Confirmed..'
  Then Error message "Please enter a valid name" should be shown under "name" field # com.calltaxi.stepdefinitions.BookingStepsExcel.validate_error_under_field(java.lang.String,java.lang.String)
      java.lang.AssertionError: Validation failed for field: name
	at org.junit.Assert.fail(Assert.java:89)
	at org.junit.Assert.assertTrue(Assert.java:42)
	at com.calltaxi.stepdefinitions.BookingStepsExcel.validate_error_under_field(BookingStepsExcel.java:119)
	at ✽.Error message "Please enter a valid name" should be shown under "name" field(file:///C:/Users/pande/Downloads/Sprint2New/Sprint2/CallTaxiAutomation/src/test/java/com/calltaxi/features/booking.feature:28)

]]></system-out>
    <system-err><![CDATA[[main] INFO io.github.bonigarcia.wdm.WebDriverManager - Using chromedriver 139.0.7258.68 (resolved driver for Chrome 139)
[main] INFO io.github.bonigarcia.wdm.WebDriverManager - Exporting webdriver.chrome.driver as C:\Users\pande\.cache\selenium\chromedriver\win64\139.0.7258.68\chromedriver.exe
Aug 19, 2025 1:26:38 PM org.openqa.selenium.devtools.CdpVersionFinder findNearestMatch
WARNING: Unable to find CDP implementation matching 139
Aug 19, 2025 1:26:38 PM org.openqa.selenium.chromium.ChromiumDriver lambda$new$5
WARNING: Unable to find version of CDP to use for 139.0.7258.128. You may need to include a dependency on a specific version of the CDP using something similar to `org.seleniumhq.selenium:selenium-devtools-v86:4.20.0` where the version ("v86") matches the version of the chromium-based browser you're using and the version number of the artifact is the same as Selenium's.
]]></system-err>
  </testcase>
  <testcase name="runScenario[&quot;Error message for invalid data should be shown under &quot;email&quot; field&quot;, &quot;Booking Page UI and Functional Validation&quot;](4)" classname="com.calltaxi.runners.TestRunner1" time="2.971">
    <failure message="Validation failed for field: email" type="java.lang.AssertionError"><![CDATA[java.lang.AssertionError: Validation failed for field: email
	at org.junit.Assert.fail(Assert.java:89)
	at org.junit.Assert.assertTrue(Assert.java:42)
	at com.calltaxi.stepdefinitions.BookingStepsExcel.validate_error_under_field(BookingStepsExcel.java:119)
	at ✽.Error message "Please enter a valid email" should be shown under "email" field(file:///C:/Users/pande/Downloads/Sprint2New/Sprint2/CallTaxiAutomation/src/test/java/com/calltaxi/features/booking.feature:28)
]]></failure>
    <system-out><![CDATA[
@knownbug
Scenario: Error message for invalid data should be shown under "email" field          # src/test/java/com/calltaxi/features/booking.feature:33
  Given User launches the browser and opens the cab booking page                      # com.calltaxi.stepdefinitions.BookingStepsExcel.user_opens_booking_page()
13:26:42 [main] INFO  com.calltaxi.pages.BookingPage - Entered Full Name: Anurag
13:26:42 [main] INFO  com.calltaxi.pages.BookingPage - Entered Phone Number: 9876543210
13:26:42 [main] INFO  com.calltaxi.pages.BookingPage - Entered Email: testmail.com
13:26:42 [main] INFO  com.calltaxi.pages.BookingPage - Selected Trip: Long
13:26:42 [main] INFO  com.calltaxi.pages.BookingPage - Selected Cab: Mini
13:26:42 [main] INFO  com.calltaxi.pages.BookingPage - Selected Cab Type: AC
13:26:42 [main] INFO  com.calltaxi.pages.BookingPage - Entered Pickup Date: 2025-07-30
13:26:42 [main] INFO  com.calltaxi.pages.BookingPage - Entered Pickup Time: 09:30
13:26:42 [main] INFO  com.calltaxi.pages.BookingPage - Selected Passenger Count: 2
13:26:43 [main] INFO  com.calltaxi.pages.BookingPage - Trip Type: Oneway
  When User fills the form with valid details:                                        # com.calltaxi.stepdefinitions.BookingStepsExcel.user_fills_form(io.cucumber.datatable.DataTable)
    | Name   | Phone      | Email        | Trip | Cab  | CabType | Date       | Time  | Passenger | TripType |
    | Anurag | 9876543210 | testmail.com | long | Mini | AC      | 2025-07-30 | 09:30 | 2         | oneway   |
13:26:43 [main] INFO  com.calltaxi.pages.BookingPage - Clicked Book Now button
  And User clicks on Book Now button                                                  # com.calltaxi.stepdefinitions.BookingStepsExcel.user_clicks_book_now()
13:26:43 [main] ERROR com.calltaxi.pages.BookingPage - Validation FAILED for field Email: expected 'Please enter a valid email', but got 'Your Booking has been Confirmed..'
  Then Error message "Please enter a valid email" should be shown under "email" field # com.calltaxi.stepdefinitions.BookingStepsExcel.validate_error_under_field(java.lang.String,java.lang.String)
      java.lang.AssertionError: Validation failed for field: email
	at org.junit.Assert.fail(Assert.java:89)
	at org.junit.Assert.assertTrue(Assert.java:42)
	at com.calltaxi.stepdefinitions.BookingStepsExcel.validate_error_under_field(BookingStepsExcel.java:119)
	at ✽.Error message "Please enter a valid email" should be shown under "email" field(file:///C:/Users/pande/Downloads/Sprint2New/Sprint2/CallTaxiAutomation/src/test/java/com/calltaxi/features/booking.feature:28)

]]></system-out>
    <system-err><![CDATA[[main] INFO io.github.bonigarcia.wdm.WebDriverManager - Using chromedriver 139.0.7258.68 (resolved driver for Chrome 139)
[main] INFO io.github.bonigarcia.wdm.WebDriverManager - Exporting webdriver.chrome.driver as C:\Users\pande\.cache\selenium\chromedriver\win64\139.0.7258.68\chromedriver.exe
Aug 19, 2025 1:26:41 PM org.openqa.selenium.devtools.CdpVersionFinder findNearestMatch
WARNING: Unable to find CDP implementation matching 139
Aug 19, 2025 1:26:41 PM org.openqa.selenium.chromium.ChromiumDriver lambda$new$5
WARNING: Unable to find version of CDP to use for 139.0.7258.128. You may need to include a dependency on a specific version of the CDP using something similar to `org.seleniumhq.selenium:selenium-devtools-v86:4.20.0` where the version ("v86") matches the version of the chromium-based browser you're using and the version number of the artifact is the same as Selenium's.
]]></system-err>
  </testcase>
  <testcase name="runScenario[&quot;Error message for invalid data should be shown under &quot;phone&quot; field&quot;, &quot;Booking Page UI and Functional Validation&quot;](5)" classname="com.calltaxi.runners.TestRunner1" time="2.862">
    <failure message="Validation failed for field: phone" type="java.lang.AssertionError"><![CDATA[java.lang.AssertionError: Validation failed for field: phone
	at org.junit.Assert.fail(Assert.java:89)
	at org.junit.Assert.assertTrue(Assert.java:42)
	at com.calltaxi.stepdefinitions.BookingStepsExcel.validate_error_under_field(BookingStepsExcel.java:119)
	at ✽.Error message "Please enter a valid phone number" should be shown under "phone" field(file:///C:/Users/pande/Downloads/Sprint2New/Sprint2/CallTaxiAutomation/src/test/java/com/calltaxi/features/booking.feature:28)
]]></failure>
    <system-out><![CDATA[
@knownbug
Scenario: Error message for invalid data should be shown under "phone" field                 # src/test/java/com/calltaxi/features/booking.feature:34
  Given User launches the browser and opens the cab booking page                             # com.calltaxi.stepdefinitions.BookingStepsExcel.user_opens_booking_page()
13:26:45 [main] INFO  com.calltaxi.pages.BookingPage - Entered Full Name: Anurag
13:26:45 [main] INFO  com.calltaxi.pages.BookingPage - Entered Phone Number: consumer
13:26:45 [main] INFO  com.calltaxi.pages.BookingPage - Entered Email: valid@mail.com
13:26:45 [main] INFO  com.calltaxi.pages.BookingPage - Selected Trip: Long
13:26:45 [main] INFO  com.calltaxi.pages.BookingPage - Selected Cab: Mini
13:26:45 [main] INFO  com.calltaxi.pages.BookingPage - Selected Cab Type: AC
13:26:45 [main] INFO  com.calltaxi.pages.BookingPage - Entered Pickup Date: 2025-07-30
13:26:45 [main] INFO  com.calltaxi.pages.BookingPage - Entered Pickup Time: 09:30
13:26:45 [main] INFO  com.calltaxi.pages.BookingPage - Selected Passenger Count: 2
13:26:45 [main] INFO  com.calltaxi.pages.BookingPage - Trip Type: Oneway
  When User fills the form with valid details:                                               # com.calltaxi.stepdefinitions.BookingStepsExcel.user_fills_form(io.cucumber.datatable.DataTable)
    | Name   | Phone    | Email          | Trip | Cab  | CabType | Date       | Time  | Passenger | TripType |
    | Anurag | consumer | valid@mail.com | long | Mini | AC      | 2025-07-30 | 09:30 | 2         | oneway   |
13:26:46 [main] INFO  com.calltaxi.pages.BookingPage - Clicked Book Now button
  And User clicks on Book Now button                                                         # com.calltaxi.stepdefinitions.BookingStepsExcel.user_clicks_book_now()
13:26:46 [main] ERROR com.calltaxi.pages.BookingPage - Validation FAILED for field Phone: expected 'Please enter a valid phone number', but got 'Your Booking has been Confirmed..'
  Then Error message "Please enter a valid phone number" should be shown under "phone" field # com.calltaxi.stepdefinitions.BookingStepsExcel.validate_error_under_field(java.lang.String,java.lang.String)
      java.lang.AssertionError: Validation failed for field: phone
	at org.junit.Assert.fail(Assert.java:89)
	at org.junit.Assert.assertTrue(Assert.java:42)
	at com.calltaxi.stepdefinitions.BookingStepsExcel.validate_error_under_field(BookingStepsExcel.java:119)
	at ✽.Error message "Please enter a valid phone number" should be shown under "phone" field(file:///C:/Users/pande/Downloads/Sprint2New/Sprint2/CallTaxiAutomation/src/test/java/com/calltaxi/features/booking.feature:28)

]]></system-out>
    <system-err><![CDATA[[main] INFO io.github.bonigarcia.wdm.WebDriverManager - Using chromedriver 139.0.7258.68 (resolved driver for Chrome 139)
[main] INFO io.github.bonigarcia.wdm.WebDriverManager - Exporting webdriver.chrome.driver as C:\Users\pande\.cache\selenium\chromedriver\win64\139.0.7258.68\chromedriver.exe
Aug 19, 2025 1:26:44 PM org.openqa.selenium.devtools.CdpVersionFinder findNearestMatch
WARNING: Unable to find CDP implementation matching 139
Aug 19, 2025 1:26:44 PM org.openqa.selenium.chromium.ChromiumDriver lambda$new$5
WARNING: Unable to find version of CDP to use for 139.0.7258.128. You may need to include a dependency on a specific version of the CDP using something similar to `org.seleniumhq.selenium:selenium-devtools-v86:4.20.0` where the version ("v86") matches the version of the chromium-based browser you're using and the version number of the artifact is the same as Selenium's.
]]></system-err>
  </testcase>
  <testcase name="runScenario[&quot;Error message for invalid data should be shown under &quot;pickup time&quot; field&quot;, &quot;Booking Page UI and Functional Validation&quot;](6)" classname="com.calltaxi.runners.TestRunner1" time="2.98">
    <failure message="Validation failed for field: pickup time" type="java.lang.AssertionError"><![CDATA[java.lang.AssertionError: Validation failed for field: pickup time
	at org.junit.Assert.fail(Assert.java:89)
	at org.junit.Assert.assertTrue(Assert.java:42)
	at com.calltaxi.stepdefinitions.BookingStepsExcel.validate_error_under_field(BookingStepsExcel.java:119)
	at ✽.Error message "Please enter a valid pickup time" should be shown under "pickup time" field(file:///C:/Users/pande/Downloads/Sprint2New/Sprint2/CallTaxiAutomation/src/test/java/com/calltaxi/features/booking.feature:28)
]]></failure>
    <system-out><![CDATA[
@knownbug
Scenario: Error message for invalid data should be shown under "pickup time" field                # src/test/java/com/calltaxi/features/booking.feature:35
  Given User launches the browser and opens the cab booking page                                  # com.calltaxi.stepdefinitions.BookingStepsExcel.user_opens_booking_page()
13:26:48 [main] INFO  com.calltaxi.pages.BookingPage - Entered Full Name: Anurag
13:26:48 [main] INFO  com.calltaxi.pages.BookingPage - Entered Phone Number: 9876543210
13:26:48 [main] INFO  com.calltaxi.pages.BookingPage - Entered Email: valid@mail.com
13:26:48 [main] INFO  com.calltaxi.pages.BookingPage - Selected Trip: Long
13:26:48 [main] INFO  com.calltaxi.pages.BookingPage - Selected Cab: Mini
13:26:48 [main] INFO  com.calltaxi.pages.BookingPage - Selected Cab Type: AC
13:26:48 [main] INFO  com.calltaxi.pages.BookingPage - Entered Pickup Date: 2025-07-30
13:26:48 [main] INFO  com.calltaxi.pages.BookingPage - Entered Pickup Time: 25:67:92
13:26:48 [main] INFO  com.calltaxi.pages.BookingPage - Selected Passenger Count: 2
13:26:48 [main] INFO  com.calltaxi.pages.BookingPage - Trip Type: Oneway
  When User fills the form with valid details:                                                    # com.calltaxi.stepdefinitions.BookingStepsExcel.user_fills_form(io.cucumber.datatable.DataTable)
    | Name   | Phone      | Email          | Trip | Cab  | CabType | Date       | Time     | Passenger | TripType |
    | Anurag | 9876543210 | valid@mail.com | long | Mini | AC      | 2025-07-30 | 25:67:92 | 2         | oneway   |
13:26:48 [main] INFO  com.calltaxi.pages.BookingPage - Clicked Book Now button
  And User clicks on Book Now button                                                              # com.calltaxi.stepdefinitions.BookingStepsExcel.user_clicks_book_now()
13:26:49 [main] ERROR com.calltaxi.pages.BookingPage - Validation FAILED for field Pickup Time: expected 'Please enter a valid pickup time', but got 'Your Booking has been Confirmed..'
  Then Error message "Please enter a valid pickup time" should be shown under "pickup time" field # com.calltaxi.stepdefinitions.BookingStepsExcel.validate_error_under_field(java.lang.String,java.lang.String)
      java.lang.AssertionError: Validation failed for field: pickup time
	at org.junit.Assert.fail(Assert.java:89)
	at org.junit.Assert.assertTrue(Assert.java:42)
	at com.calltaxi.stepdefinitions.BookingStepsExcel.validate_error_under_field(BookingStepsExcel.java:119)
	at ✽.Error message "Please enter a valid pickup time" should be shown under "pickup time" field(file:///C:/Users/pande/Downloads/Sprint2New/Sprint2/CallTaxiAutomation/src/test/java/com/calltaxi/features/booking.feature:28)

]]></system-out>
    <system-err><![CDATA[[main] INFO io.github.bonigarcia.wdm.WebDriverManager - Using chromedriver 139.0.7258.68 (resolved driver for Chrome 139)
[main] INFO io.github.bonigarcia.wdm.WebDriverManager - Exporting webdriver.chrome.driver as C:\Users\pande\.cache\selenium\chromedriver\win64\139.0.7258.68\chromedriver.exe
Aug 19, 2025 1:26:47 PM org.openqa.selenium.devtools.CdpVersionFinder findNearestMatch
WARNING: Unable to find CDP implementation matching 139
Aug 19, 2025 1:26:47 PM org.openqa.selenium.chromium.ChromiumDriver lambda$new$5
WARNING: Unable to find version of CDP to use for 139.0.7258.128. You may need to include a dependency on a specific version of the CDP using something similar to `org.seleniumhq.selenium:selenium-devtools-v86:4.20.0` where the version ("v86") matches the version of the chromium-based browser you're using and the version number of the artifact is the same as Selenium's.
]]></system-err>
  </testcase>
  <testcase name="runScenario[&quot;Submit form with missing trip type&quot;, &quot;Booking Page UI and Functional Validation&quot;](7)" classname="com.calltaxi.runners.TestRunner1" time="2.4">
    <system-out><![CDATA[
@errordetected
Scenario: Submit form with missing trip type                                       # src/test/java/com/calltaxi/features/booking.feature:38
  Given User launches the browser and opens the cab booking page                   # com.calltaxi.stepdefinitions.BookingStepsExcel.user_opens_booking_page()
13:26:50 [main] INFO  com.calltaxi.pages.BookingPage - Entered Full Name: Aniket
13:26:51 [main] INFO  com.calltaxi.pages.BookingPage - Entered Phone Number: 9876543210
13:26:51 [main] INFO  com.calltaxi.pages.BookingPage - Entered Email: aniket@test.com
13:26:51 [main] INFO  com.calltaxi.pages.BookingPage - Selected Cab: Mini
13:26:51 [main] INFO  com.calltaxi.pages.BookingPage - Selected Cab Type: AC
13:26:51 [main] INFO  com.calltaxi.pages.BookingPage - Entered Pickup Date: 2025-07-28
13:26:51 [main] INFO  com.calltaxi.pages.BookingPage - Entered Pickup Time: 09:30
13:26:51 [main] INFO  com.calltaxi.pages.BookingPage - Selected Passenger Count: 2
13:26:51 [main] INFO  com.calltaxi.pages.BookingPage - Trip Type: Oneway
  When User fills the form with valid details:                                     # com.calltaxi.stepdefinitions.BookingStepsExcel.user_fills_form(io.cucumber.datatable.DataTable)
    | Name   | Phone      | Email           | Trip    | Cab  | CabType | Date       | Time  | Passenger | TripType |
    | Aniket | 9876543210 | aniket@test.com | [empty] | Mini | AC      | 2025-07-28 | 09:30 | 2         | oneway   |
13:26:51 [main] INFO  com.calltaxi.pages.BookingPage - Clicked Book Now button
  And User clicks on Book Now button                                               # com.calltaxi.stepdefinitions.BookingStepsExcel.user_clicks_book_now()
  Then Error message "Please Select the Trip" should be shown under Trip selection # com.calltaxi.stepdefinitions.BookingStepsExcel.trip_error_displayed(java.lang.String)
]]></system-out>
    <system-err><![CDATA[[main] INFO io.github.bonigarcia.wdm.WebDriverManager - Using chromedriver 139.0.7258.68 (resolved driver for Chrome 139)
[main] INFO io.github.bonigarcia.wdm.WebDriverManager - Exporting webdriver.chrome.driver as C:\Users\pande\.cache\selenium\chromedriver\win64\139.0.7258.68\chromedriver.exe
Aug 19, 2025 1:26:50 PM org.openqa.selenium.devtools.CdpVersionFinder findNearestMatch
WARNING: Unable to find CDP implementation matching 139
Aug 19, 2025 1:26:50 PM org.openqa.selenium.chromium.ChromiumDriver lambda$new$5
WARNING: Unable to find version of CDP to use for 139.0.7258.128. You may need to include a dependency on a specific version of the CDP using something similar to `org.seleniumhq.selenium:selenium-devtools-v86:4.20.0` where the version ("v86") matches the version of the chromium-based browser you're using and the version number of the artifact is the same as Selenium's.
]]></system-err>
  </testcase>
  <testcase name="runScenario[&quot;Submit form with missing number of passengers&quot;, &quot;Booking Page UI and Functional Validation&quot;](8)" classname="com.calltaxi.runners.TestRunner1" time="2.28">
    <system-out><![CDATA[
@errordetected
Scenario: Submit form with missing number of passengers                                             # src/test/java/com/calltaxi/features/booking.feature:46
  Given User launches the browser and opens the cab booking page                                    # com.calltaxi.stepdefinitions.BookingStepsExcel.user_opens_booking_page()
13:26:53 [main] INFO  com.calltaxi.pages.BookingPage - Entered Full Name: Paarth
13:26:53 [main] INFO  com.calltaxi.pages.BookingPage - Entered Phone Number: 9876543210
13:26:53 [main] INFO  com.calltaxi.pages.BookingPage - Entered Email: paarth@test.com
13:26:53 [main] INFO  com.calltaxi.pages.BookingPage - Selected Trip: Local
13:26:53 [main] INFO  com.calltaxi.pages.BookingPage - Selected Cab: Mini
13:26:53 [main] INFO  com.calltaxi.pages.BookingPage - Selected Cab Type: AC
13:26:53 [main] INFO  com.calltaxi.pages.BookingPage - Entered Pickup Date: 2025-07-28
13:26:53 [main] INFO  com.calltaxi.pages.BookingPage - Entered Pickup Time: 09:30
13:26:54 [main] INFO  com.calltaxi.pages.BookingPage - Trip Type: Oneway
  When User fills the form with valid details:                                                      # com.calltaxi.stepdefinitions.BookingStepsExcel.user_fills_form(io.cucumber.datatable.DataTable)
    | Name   | Phone      | Email           | Trip  | Cab  | CabType | Date       | Time  | Passenger | TripType |
    | Paarth | 9876543210 | paarth@test.com | local | Mini | AC      | 2025-07-28 | 09:30 | [empty]   | oneway   |
13:26:54 [main] INFO  com.calltaxi.pages.BookingPage - Clicked Book Now button
  And User clicks on Book Now button                                                                # com.calltaxi.stepdefinitions.BookingStepsExcel.user_clicks_book_now()
  Then Error message "Please Select the number of passengers" should be shown under Passenger count # com.calltaxi.stepdefinitions.BookingStepsExcel.passenger_error_displayed(java.lang.String)
]]></system-out>
    <system-err><![CDATA[[main] INFO io.github.bonigarcia.wdm.WebDriverManager - Using chromedriver 139.0.7258.68 (resolved driver for Chrome 139)
[main] INFO io.github.bonigarcia.wdm.WebDriverManager - Exporting webdriver.chrome.driver as C:\Users\pande\.cache\selenium\chromedriver\win64\139.0.7258.68\chromedriver.exe
Aug 19, 2025 1:26:52 PM org.openqa.selenium.devtools.CdpVersionFinder findNearestMatch
WARNING: Unable to find CDP implementation matching 139
Aug 19, 2025 1:26:52 PM org.openqa.selenium.chromium.ChromiumDriver lambda$new$5
WARNING: Unable to find version of CDP to use for 139.0.7258.128. You may need to include a dependency on a specific version of the CDP using something similar to `org.seleniumhq.selenium:selenium-devtools-v86:4.20.0` where the version ("v86") matches the version of the chromium-based browser you're using and the version number of the artifact is the same as Selenium's.
]]></system-err>
  </testcase>
  <testcase name="runScenario[&quot;Booking with row 0 from Excel data&quot;, &quot;Booking Page UI and Functional Validation&quot;](9)" classname="com.calltaxi.runners.TestRunner1" time="3.356">
    <system-out><![CDATA[
@exceldata
Scenario: Booking with row 0 from Excel data                                              # src/test/java/com/calltaxi/features/booking.feature:55
  Given User reads booking data from Excel sheet "BookingData" and row 0                  # com.calltaxi.stepdefinitions.BookingStepsExcel.user_reads_excel_data(java.lang.String,java.lang.Integer)
13:26:56 [main] INFO  com.calltaxi.pages.BookingPage - Entered Full Name: Abhishek
13:26:56 [main] INFO  com.calltaxi.pages.BookingPage - Entered Phone Number: 9.87654321E9
13:26:56 [main] INFO  com.calltaxi.pages.BookingPage - Entered Email: abhi@test.com
13:26:56 [main] INFO  com.calltaxi.pages.BookingPage - Selected Trip: Long
13:26:56 [main] INFO  com.calltaxi.pages.BookingPage - Selected Cab: Mini
13:26:56 [main] INFO  com.calltaxi.pages.BookingPage - Selected Cab Type: AC
13:26:56 [main] INFO  com.calltaxi.pages.BookingPage - Entered Pickup Date: 2025-07-30T00:00
13:26:57 [main] INFO  com.calltaxi.pages.BookingPage - Entered Pickup Time: 1899-12-31T10:00
13:26:57 [main] INFO  com.calltaxi.pages.BookingPage - Selected Passenger Count: 2
13:26:57 [main] INFO  com.calltaxi.pages.BookingPage - Trip Type: Oneway
  When User fills the form using Excel data                                               # com.calltaxi.stepdefinitions.BookingStepsExcel.user_fills_form_excel()
13:26:57 [main] INFO  com.calltaxi.pages.BookingPage - Clicked Book Now button
  And User clicks on Book Now button                                                      # com.calltaxi.stepdefinitions.BookingStepsExcel.user_clicks_book_now()
13:26:57 [main] INFO  com.calltaxi.pages.BookingPage - Confirmation Message: Your Booking has been Confirmed..
  Then Booking confirmation message "Your Booking has been Confirmed" should be displayed # com.calltaxi.stepdefinitions.BookingStepsExcel.booking_confirmation_should_be_displayed(java.lang.String)
]]></system-out>
    <system-err><![CDATA[[main] INFO io.github.bonigarcia.wdm.WebDriverManager - Using chromedriver 139.0.7258.68 (resolved driver for Chrome 139)
[main] INFO io.github.bonigarcia.wdm.WebDriverManager - Exporting webdriver.chrome.driver as C:\Users\pande\.cache\selenium\chromedriver\win64\139.0.7258.68\chromedriver.exe
Aug 19, 2025 1:26:55 PM org.openqa.selenium.devtools.CdpVersionFinder findNearestMatch
WARNING: Unable to find CDP implementation matching 139
Aug 19, 2025 1:26:55 PM org.openqa.selenium.chromium.ChromiumDriver lambda$new$5
WARNING: Unable to find version of CDP to use for 139.0.7258.128. You may need to include a dependency on a specific version of the CDP using something similar to `org.seleniumhq.selenium:selenium-devtools-v86:4.20.0` where the version ("v86") matches the version of the chromium-based browser you're using and the version number of the artifact is the same as Selenium's.
]]></system-err>
  </testcase>
  <testcase name="runScenario[&quot;Booking with row 1 from Excel data&quot;, &quot;Booking Page UI and Functional Validation&quot;](10)" classname="com.calltaxi.runners.TestRunner1" time="2.598">
    <system-out><![CDATA[
@exceldata
Scenario: Booking with row 1 from Excel data                             # src/test/java/com/calltaxi/features/booking.feature:61
  Given User reads booking data from Excel sheet "BookingData" and row 1 # com.calltaxi.stepdefinitions.BookingStepsExcel.user_reads_excel_data(java.lang.String,java.lang.Integer)
13:26:59 [main] INFO  com.calltaxi.pages.BookingPage - Entered Full Name: Aditya
13:26:59 [main] INFO  com.calltaxi.pages.BookingPage - Entered Phone Number: 9.991122334E9
13:26:59 [main] WARN  com.calltaxi.pages.BookingPage - Email is empty or null
13:26:59 [main] INFO  com.calltaxi.pages.BookingPage - Selected Trip: Local
13:26:59 [main] INFO  com.calltaxi.pages.BookingPage - Selected Cab: Micro
13:26:59 [main] INFO  com.calltaxi.pages.BookingPage - Selected Cab Type: Non-Ac
13:26:59 [main] INFO  com.calltaxi.pages.BookingPage - Entered Pickup Date: 2025-07-31T00:00
13:26:59 [main] INFO  com.calltaxi.pages.BookingPage - Entered Pickup Time: 1899-12-31T12:00
13:26:59 [main] INFO  com.calltaxi.pages.BookingPage - Selected Passenger Count: 3
13:26:59 [main] INFO  com.calltaxi.pages.BookingPage - Trip Type: Roundtrip
  When User fills the form using Excel data                              # com.calltaxi.stepdefinitions.BookingStepsExcel.user_fills_form_excel()
13:27:00 [main] INFO  com.calltaxi.pages.BookingPage - Clicked Book Now button
  And User clicks on Book Now button                                     # com.calltaxi.stepdefinitions.BookingStepsExcel.user_clicks_book_now()
13:27:00 [main] INFO  com.calltaxi.pages.BookingPage - Email missing error text: Please enter the email
  Then Email error message "Please enter the email" should be displayed  # com.calltaxi.stepdefinitions.BookingStepsExcel.email_error_should_be_displayed(java.lang.String)
]]></system-out>
    <system-err><![CDATA[[main] INFO io.github.bonigarcia.wdm.WebDriverManager - Using chromedriver 139.0.7258.68 (resolved driver for Chrome 139)
[main] INFO io.github.bonigarcia.wdm.WebDriverManager - Exporting webdriver.chrome.driver as C:\Users\pande\.cache\selenium\chromedriver\win64\139.0.7258.68\chromedriver.exe
Aug 19, 2025 1:26:58 PM org.openqa.selenium.devtools.CdpVersionFinder findNearestMatch
WARNING: Unable to find CDP implementation matching 139
Aug 19, 2025 1:26:58 PM org.openqa.selenium.chromium.ChromiumDriver lambda$new$5
WARNING: Unable to find version of CDP to use for 139.0.7258.128. You may need to include a dependency on a specific version of the CDP using something similar to `org.seleniumhq.selenium:selenium-devtools-v86:4.20.0` where the version ("v86") matches the version of the chromium-based browser you're using and the version number of the artifact is the same as Selenium's.
]]></system-err>
  </testcase>
  <testcase name="runScenario[&quot;Verify that cab service link navigates to the correct page&quot;, &quot;Service Page Cab Type Link Navigation&quot;](11)" classname="com.calltaxi.runners.TestRunner1" time="1.631">
    <system-out><![CDATA[
@nav
Scenario Outline: Verify that cab service link navigates to the correct page # src/test/java/com/calltaxi/features/navigation.feature:11
  Given User opens the Services page                                         # com.calltaxi.stepdefinitions.NavigationSteps.open_services_page()
13:27:01 [main] INFO  com.calltaxi.pages.ServicesPage - Attempting to click on cab type link: mini
13:27:01 [main] INFO  com.calltaxi.pages.ServicesPage - Clicked on Mini cab link
  When User clicks on the "Mini" service link                                # com.calltaxi.stepdefinitions.NavigationSteps.user_clicks_service_link(java.lang.String)
13:27:01 [main] INFO  com.calltaxi.pages.ServicesPage - Current page URL: https://webapps.tekstac.com/SeleniumApp2/CallTaxiService/mini.html
  Then The user should be navigated to "mini.html"                           # com.calltaxi.stepdefinitions.NavigationSteps.verify_navigation(java.lang.String)
]]></system-out>
    <system-err><![CDATA[[main] INFO io.github.bonigarcia.wdm.WebDriverManager - Using chromedriver 139.0.7258.68 (resolved driver for Chrome 139)
[main] INFO io.github.bonigarcia.wdm.WebDriverManager - Exporting webdriver.chrome.driver as C:\Users\pande\.cache\selenium\chromedriver\win64\139.0.7258.68\chromedriver.exe
Aug 19, 2025 1:27:01 PM org.openqa.selenium.devtools.CdpVersionFinder findNearestMatch
WARNING: Unable to find CDP implementation matching 139
Aug 19, 2025 1:27:01 PM org.openqa.selenium.chromium.ChromiumDriver lambda$new$5
WARNING: Unable to find version of CDP to use for 139.0.7258.128. You may need to include a dependency on a specific version of the CDP using something similar to `org.seleniumhq.selenium:selenium-devtools-v86:4.20.0` where the version ("v86") matches the version of the chromium-based browser you're using and the version number of the artifact is the same as Selenium's.
]]></system-err>
  </testcase>
  <testcase name="runScenario[&quot;Verify that cab service link navigates to the correct page&quot;, &quot;Service Page Cab Type Link Navigation&quot;](12)" classname="com.calltaxi.runners.TestRunner1" time="1.794">
    <system-out><![CDATA[
@nav
Scenario Outline: Verify that cab service link navigates to the correct page # src/test/java/com/calltaxi/features/navigation.feature:12
  Given User opens the Services page                                         # com.calltaxi.stepdefinitions.NavigationSteps.open_services_page()
13:27:03 [main] INFO  com.calltaxi.pages.ServicesPage - Attempting to click on cab type link: micro
13:27:03 [main] INFO  com.calltaxi.pages.ServicesPage - Clicked on Micro cab link
  When User clicks on the "Micro" service link                               # com.calltaxi.stepdefinitions.NavigationSteps.user_clicks_service_link(java.lang.String)
13:27:03 [main] INFO  com.calltaxi.pages.ServicesPage - Current page URL: https://webapps.tekstac.com/SeleniumApp2/CallTaxiService/micro.html
  Then The user should be navigated to "micro.html"                          # com.calltaxi.stepdefinitions.NavigationSteps.verify_navigation(java.lang.String)
]]></system-out>
    <system-err><![CDATA[[main] INFO io.github.bonigarcia.wdm.WebDriverManager - Using chromedriver 139.0.7258.68 (resolved driver for Chrome 139)
[main] INFO io.github.bonigarcia.wdm.WebDriverManager - Exporting webdriver.chrome.driver as C:\Users\pande\.cache\selenium\chromedriver\win64\139.0.7258.68\chromedriver.exe
Aug 19, 2025 1:27:02 PM org.openqa.selenium.devtools.CdpVersionFinder findNearestMatch
WARNING: Unable to find CDP implementation matching 139
Aug 19, 2025 1:27:02 PM org.openqa.selenium.chromium.ChromiumDriver lambda$new$5
WARNING: Unable to find version of CDP to use for 139.0.7258.128. You may need to include a dependency on a specific version of the CDP using something similar to `org.seleniumhq.selenium:selenium-devtools-v86:4.20.0` where the version ("v86") matches the version of the chromium-based browser you're using and the version number of the artifact is the same as Selenium's.
]]></system-err>
  </testcase>
  <testcase name="runScenario[&quot;Verify that cab service link navigates to the correct page&quot;, &quot;Service Page Cab Type Link Navigation&quot;](13)" classname="com.calltaxi.runners.TestRunner1" time="1.804">
    <system-out><![CDATA[
@nav
Scenario Outline: Verify that cab service link navigates to the correct page # src/test/java/com/calltaxi/features/navigation.feature:13
  Given User opens the Services page                                         # com.calltaxi.stepdefinitions.NavigationSteps.open_services_page()
13:27:04 [main] INFO  com.calltaxi.pages.ServicesPage - Attempting to click on cab type link: sedan
13:27:04 [main] INFO  com.calltaxi.pages.ServicesPage - Clicked on Sedan cab link
  When User clicks on the "Sedan" service link                               # com.calltaxi.stepdefinitions.NavigationSteps.user_clicks_service_link(java.lang.String)
13:27:05 [main] INFO  com.calltaxi.pages.ServicesPage - Current page URL: https://webapps.tekstac.com/SeleniumApp2/CallTaxiService/sedan.html
  Then The user should be navigated to "sedan.html"                          # com.calltaxi.stepdefinitions.NavigationSteps.verify_navigation(java.lang.String)
]]></system-out>
    <system-err><![CDATA[[main] INFO io.github.bonigarcia.wdm.WebDriverManager - Using chromedriver 139.0.7258.68 (resolved driver for Chrome 139)
[main] INFO io.github.bonigarcia.wdm.WebDriverManager - Exporting webdriver.chrome.driver as C:\Users\pande\.cache\selenium\chromedriver\win64\139.0.7258.68\chromedriver.exe
Aug 19, 2025 1:27:04 PM org.openqa.selenium.devtools.CdpVersionFinder findNearestMatch
WARNING: Unable to find CDP implementation matching 139
Aug 19, 2025 1:27:04 PM org.openqa.selenium.chromium.ChromiumDriver lambda$new$5
WARNING: Unable to find version of CDP to use for 139.0.7258.128. You may need to include a dependency on a specific version of the CDP using something similar to `org.seleniumhq.selenium:selenium-devtools-v86:4.20.0` where the version ("v86") matches the version of the chromium-based browser you're using and the version number of the artifact is the same as Selenium's.
]]></system-err>
  </testcase>
  <testcase name="runScenario[&quot;Verify that cab service link navigates to the correct page&quot;, &quot;Service Page Cab Type Link Navigation&quot;](14)" classname="com.calltaxi.runners.TestRunner1" time="1.576">
    <system-out><![CDATA[
@nav
Scenario Outline: Verify that cab service link navigates to the correct page # src/test/java/com/calltaxi/features/navigation.feature:14
  Given User opens the Services page                                         # com.calltaxi.stepdefinitions.NavigationSteps.open_services_page()
13:27:06 [main] INFO  com.calltaxi.pages.ServicesPage - Attempting to click on cab type link: suv
13:27:06 [main] INFO  com.calltaxi.pages.ServicesPage - Clicked on Suv cab link
  When User clicks on the "Suv" service link                                 # com.calltaxi.stepdefinitions.NavigationSteps.user_clicks_service_link(java.lang.String)
13:27:06 [main] INFO  com.calltaxi.pages.ServicesPage - Current page URL: https://webapps.tekstac.com/SeleniumApp2/CallTaxiService/suv.html
  Then The user should be navigated to "suv.html"                            # com.calltaxi.stepdefinitions.NavigationSteps.verify_navigation(java.lang.String)
]]></system-out>
    <system-err><![CDATA[[main] INFO io.github.bonigarcia.wdm.WebDriverManager - Using chromedriver 139.0.7258.68 (resolved driver for Chrome 139)
[main] INFO io.github.bonigarcia.wdm.WebDriverManager - Exporting webdriver.chrome.driver as C:\Users\pande\.cache\selenium\chromedriver\win64\139.0.7258.68\chromedriver.exe
Aug 19, 2025 1:27:06 PM org.openqa.selenium.devtools.CdpVersionFinder findNearestMatch
WARNING: Unable to find CDP implementation matching 139
Aug 19, 2025 1:27:06 PM org.openqa.selenium.chromium.ChromiumDriver lambda$new$5
WARNING: Unable to find version of CDP to use for 139.0.7258.128. You may need to include a dependency on a specific version of the CDP using something similar to `org.seleniumhq.selenium:selenium-devtools-v86:4.20.0` where the version ("v86") matches the version of the chromium-based browser you're using and the version number of the artifact is the same as Selenium's.
]]></system-err>
  </testcase>
</testsuite>