<?xml version="1.0" encoding="UTF-8"?>
<testng-results ignored="0" total="14" passed="10" failed="4" skipped="0">
  <reporter-output>
  </reporter-output>
  <suite started-at="2025-08-19T13:26:28 IST" name="Surefire suite" finished-at="2025-08-19T13:27:07 IST" duration-ms="39495">
    <groups>
      <group name="cucumber">
        <method signature="AbstractTestNGCucumberTests.runScenario(io.cucumber.testng.PickleWrapper,io.cucumber.testng.FeatureWrapper)[pri:0, instance:com.calltaxi.runners.TestRunner1@6aba2b86]" name="runScenario" class="io.cucumber.testng.AbstractTestNGCucumberTests"/>
      </group> <!-- cucumber -->
    </groups>
    <test started-at="2025-08-19T13:26:28 IST" name="Surefire test" finished-at="2025-08-19T13:27:07 IST" duration-ms="39495">
      <class name="com.calltaxi.runners.TestRunner1">
        <test-method is-config="true" signature="setUpClass(org.testng.ITestContext)[pri:0, instance:com.calltaxi.runners.TestRunner1@6aba2b86]" started-at="2025-08-19T13:26:28 IST" name="setUpClass" finished-at="2025-08-19T13:26:29 IST" duration-ms="986" status="PASS">
          <params>
            <param index="0">
              <value>
                <![CDATA[org.testng.TestRunner@5c9168c3]]>
              </value>
            </param>
          </params>
          <reporter-output>
          </reporter-output>
        </test-method> <!-- setUpClass -->
        <test-method signature="runScenario(io.cucumber.testng.PickleWrapper,io.cucumber.testng.FeatureWrapper)[pri:0, instance:com.calltaxi.runners.TestRunner1@6aba2b86]" started-at="2025-08-19T13:26:29 IST" name="runScenario" description="Runs Cucumber Scenarios" data-provider="scenarios" finished-at="2025-08-19T13:26:35 IST" duration-ms="6412" status="PASS">
          <params>
            <param index="0">
              <value>
                <![CDATA["Submit form with all valid data"]]>
              </value>
            </param>
            <param index="1">
              <value>
                <![CDATA["Booking Page UI and Functional Validation"]]>
              </value>
            </param>
          </params>
          <reporter-output>
          </reporter-output>
        </test-method> <!-- runScenario -->
        <test-method signature="runScenario(io.cucumber.testng.PickleWrapper,io.cucumber.testng.FeatureWrapper)[pri:0, instance:com.calltaxi.runners.TestRunner1@6aba2b86]" started-at="2025-08-19T13:26:35 IST" name="runScenario" description="Runs Cucumber Scenarios" data-provider="scenarios" finished-at="2025-08-19T13:26:37 IST" duration-ms="2498" status="PASS">
          <params>
            <param index="0">
              <value>
                <![CDATA["Submit form with missing name"]]>
              </value>
            </param>
            <param index="1">
              <value>
                <![CDATA["Booking Page UI and Functional Validation"]]>
              </value>
            </param>
          </params>
          <reporter-output>
          </reporter-output>
        </test-method> <!-- runScenario -->
        <test-method signature="runScenario(io.cucumber.testng.PickleWrapper,io.cucumber.testng.FeatureWrapper)[pri:0, instance:com.calltaxi.runners.TestRunner1@6aba2b86]" started-at="2025-08-19T13:26:37 IST" name="runScenario" description="Runs Cucumber Scenarios" data-provider="scenarios" finished-at="2025-08-19T13:26:40 IST" duration-ms="2826" status="FAIL">
          <params>
            <param index="0">
              <value>
                <![CDATA["Error message for invalid data should be shown under "name" field"]]>
              </value>
            </param>
            <param index="1">
              <value>
                <![CDATA["Booking Page UI and Functional Validation"]]>
              </value>
            </param>
          </params>
          <exception class="java.lang.AssertionError">
            <message>
              <![CDATA[Validation failed for field: name]]>
            </message>
            <full-stacktrace>
              <![CDATA[java.lang.AssertionError: Validation failed for field: name
at org.junit.Assert.fail(Assert.java:89)
at org.junit.Assert.assertTrue(Assert.java:42)
at com.calltaxi.stepdefinitions.BookingStepsExcel.validate_error_under_field(BookingStepsExcel.java:119)
at ✽.Error message "Please enter a valid name" should be shown under "name" field(file:///C:/Users/pande/Downloads/Sprint2New/Sprint2/CallTaxiAutomation/src/test/java/com/calltaxi/features/booking.feature:28)
]]>
            </full-stacktrace>
          </exception> <!-- java.lang.AssertionError -->
          <reporter-output>
          </reporter-output>
        </test-method> <!-- runScenario -->
        <test-method signature="runScenario(io.cucumber.testng.PickleWrapper,io.cucumber.testng.FeatureWrapper)[pri:0, instance:com.calltaxi.runners.TestRunner1@6aba2b86]" started-at="2025-08-19T13:26:40 IST" name="runScenario" description="Runs Cucumber Scenarios" data-provider="scenarios" finished-at="2025-08-19T13:26:43 IST" duration-ms="2973" status="FAIL">
          <params>
            <param index="0">
              <value>
                <![CDATA["Error message for invalid data should be shown under "email" field"]]>
              </value>
            </param>
            <param index="1">
              <value>
                <![CDATA["Booking Page UI and Functional Validation"]]>
              </value>
            </param>
          </params>
          <exception class="java.lang.AssertionError">
            <message>
              <![CDATA[Validation failed for field: email]]>
            </message>
            <full-stacktrace>
              <![CDATA[java.lang.AssertionError: Validation failed for field: email
at org.junit.Assert.fail(Assert.java:89)
at org.junit.Assert.assertTrue(Assert.java:42)
at com.calltaxi.stepdefinitions.BookingStepsExcel.validate_error_under_field(BookingStepsExcel.java:119)
at ✽.Error message "Please enter a valid email" should be shown under "email" field(file:///C:/Users/pande/Downloads/Sprint2New/Sprint2/CallTaxiAutomation/src/test/java/com/calltaxi/features/booking.feature:28)
]]>
            </full-stacktrace>
          </exception> <!-- java.lang.AssertionError -->
          <reporter-output>
          </reporter-output>
        </test-method> <!-- runScenario -->
        <test-method signature="runScenario(io.cucumber.testng.PickleWrapper,io.cucumber.testng.FeatureWrapper)[pri:0, instance:com.calltaxi.runners.TestRunner1@6aba2b86]" started-at="2025-08-19T13:26:43 IST" name="runScenario" description="Runs Cucumber Scenarios" data-provider="scenarios" finished-at="2025-08-19T13:26:46 IST" duration-ms="2861" status="FAIL">
          <params>
            <param index="0">
              <value>
                <![CDATA["Error message for invalid data should be shown under "phone" field"]]>
              </value>
            </param>
            <param index="1">
              <value>
                <![CDATA["Booking Page UI and Functional Validation"]]>
              </value>
            </param>
          </params>
          <exception class="java.lang.AssertionError">
            <message>
              <![CDATA[Validation failed for field: phone]]>
            </message>
            <full-stacktrace>
              <![CDATA[java.lang.AssertionError: Validation failed for field: phone
at org.junit.Assert.fail(Assert.java:89)
at org.junit.Assert.assertTrue(Assert.java:42)
at com.calltaxi.stepdefinitions.BookingStepsExcel.validate_error_under_field(BookingStepsExcel.java:119)
at ✽.Error message "Please enter a valid phone number" should be shown under "phone" field(file:///C:/Users/pande/Downloads/Sprint2New/Sprint2/CallTaxiAutomation/src/test/java/com/calltaxi/features/booking.feature:28)
]]>
            </full-stacktrace>
          </exception> <!-- java.lang.AssertionError -->
          <reporter-output>
          </reporter-output>
        </test-method> <!-- runScenario -->
        <test-method signature="runScenario(io.cucumber.testng.PickleWrapper,io.cucumber.testng.FeatureWrapper)[pri:0, instance:com.calltaxi.runners.TestRunner1@6aba2b86]" started-at="2025-08-19T13:26:46 IST" name="runScenario" description="Runs Cucumber Scenarios" data-provider="scenarios" finished-at="2025-08-19T13:26:49 IST" duration-ms="2978" status="FAIL">
          <params>
            <param index="0">
              <value>
                <![CDATA["Error message for invalid data should be shown under "pickup time" field"]]>
              </value>
            </param>
            <param index="1">
              <value>
                <![CDATA["Booking Page UI and Functional Validation"]]>
              </value>
            </param>
          </params>
          <exception class="java.lang.AssertionError">
            <message>
              <![CDATA[Validation failed for field: pickup time]]>
            </message>
            <full-stacktrace>
              <![CDATA[java.lang.AssertionError: Validation failed for field: pickup time
at org.junit.Assert.fail(Assert.java:89)
at org.junit.Assert.assertTrue(Assert.java:42)
at com.calltaxi.stepdefinitions.BookingStepsExcel.validate_error_under_field(BookingStepsExcel.java:119)
at ✽.Error message "Please enter a valid pickup time" should be shown under "pickup time" field(file:///C:/Users/pande/Downloads/Sprint2New/Sprint2/CallTaxiAutomation/src/test/java/com/calltaxi/features/booking.feature:28)
]]>
            </full-stacktrace>
          </exception> <!-- java.lang.AssertionError -->
          <reporter-output>
          </reporter-output>
        </test-method> <!-- runScenario -->
        <test-method signature="runScenario(io.cucumber.testng.PickleWrapper,io.cucumber.testng.FeatureWrapper)[pri:0, instance:com.calltaxi.runners.TestRunner1@6aba2b86]" started-at="2025-08-19T13:26:49 IST" name="runScenario" description="Runs Cucumber Scenarios" data-provider="scenarios" finished-at="2025-08-19T13:26:52 IST" duration-ms="2401" status="PASS">
          <params>
            <param index="0">
              <value>
                <![CDATA["Submit form with missing trip type"]]>
              </value>
            </param>
            <param index="1">
              <value>
                <![CDATA["Booking Page UI and Functional Validation"]]>
              </value>
            </param>
          </params>
          <reporter-output>
          </reporter-output>
        </test-method> <!-- runScenario -->
        <test-method signature="runScenario(io.cucumber.testng.PickleWrapper,io.cucumber.testng.FeatureWrapper)[pri:0, instance:com.calltaxi.runners.TestRunner1@6aba2b86]" started-at="2025-08-19T13:26:52 IST" name="runScenario" description="Runs Cucumber Scenarios" data-provider="scenarios" finished-at="2025-08-19T13:26:54 IST" duration-ms="2280" status="PASS">
          <params>
            <param index="0">
              <value>
                <![CDATA["Submit form with missing number of passengers"]]>
              </value>
            </param>
            <param index="1">
              <value>
                <![CDATA["Booking Page UI and Functional Validation"]]>
              </value>
            </param>
          </params>
          <reporter-output>
          </reporter-output>
        </test-method> <!-- runScenario -->
        <test-method signature="runScenario(io.cucumber.testng.PickleWrapper,io.cucumber.testng.FeatureWrapper)[pri:0, instance:com.calltaxi.runners.TestRunner1@6aba2b86]" started-at="2025-08-19T13:26:54 IST" name="runScenario" description="Runs Cucumber Scenarios" data-provider="scenarios" finished-at="2025-08-19T13:26:57 IST" duration-ms="3357" status="PASS">
          <params>
            <param index="0">
              <value>
                <![CDATA["Booking with row 0 from Excel data"]]>
              </value>
            </param>
            <param index="1">
              <value>
                <![CDATA["Booking Page UI and Functional Validation"]]>
              </value>
            </param>
          </params>
          <reporter-output>
          </reporter-output>
        </test-method> <!-- runScenario -->
        <test-method signature="runScenario(io.cucumber.testng.PickleWrapper,io.cucumber.testng.FeatureWrapper)[pri:0, instance:com.calltaxi.runners.TestRunner1@6aba2b86]" started-at="2025-08-19T13:26:57 IST" name="runScenario" description="Runs Cucumber Scenarios" data-provider="scenarios" finished-at="2025-08-19T13:27:00 IST" duration-ms="2598" status="PASS">
          <params>
            <param index="0">
              <value>
                <![CDATA["Booking with row 1 from Excel data"]]>
              </value>
            </param>
            <param index="1">
              <value>
                <![CDATA["Booking Page UI and Functional Validation"]]>
              </value>
            </param>
          </params>
          <reporter-output>
          </reporter-output>
        </test-method> <!-- runScenario -->
        <test-method signature="runScenario(io.cucumber.testng.PickleWrapper,io.cucumber.testng.FeatureWrapper)[pri:0, instance:com.calltaxi.runners.TestRunner1@6aba2b86]" started-at="2025-08-19T13:27:00 IST" name="runScenario" description="Runs Cucumber Scenarios" data-provider="scenarios" finished-at="2025-08-19T13:27:01 IST" duration-ms="1631" status="PASS">
          <params>
            <param index="0">
              <value>
                <![CDATA["Verify that cab service link navigates to the correct page"]]>
              </value>
            </param>
            <param index="1">
              <value>
                <![CDATA["Service Page Cab Type Link Navigation"]]>
              </value>
            </param>
          </params>
          <reporter-output>
          </reporter-output>
        </test-method> <!-- runScenario -->
        <test-method signature="runScenario(io.cucumber.testng.PickleWrapper,io.cucumber.testng.FeatureWrapper)[pri:0, instance:com.calltaxi.runners.TestRunner1@6aba2b86]" started-at="2025-08-19T13:27:01 IST" name="runScenario" description="Runs Cucumber Scenarios" data-provider="scenarios" finished-at="2025-08-19T13:27:03 IST" duration-ms="1792" status="PASS">
          <params>
            <param index="0">
              <value>
                <![CDATA["Verify that cab service link navigates to the correct page"]]>
              </value>
            </param>
            <param index="1">
              <value>
                <![CDATA["Service Page Cab Type Link Navigation"]]>
              </value>
            </param>
          </params>
          <reporter-output>
          </reporter-output>
        </test-method> <!-- runScenario -->
        <test-method signature="runScenario(io.cucumber.testng.PickleWrapper,io.cucumber.testng.FeatureWrapper)[pri:0, instance:com.calltaxi.runners.TestRunner1@6aba2b86]" started-at="2025-08-19T13:27:03 IST" name="runScenario" description="Runs Cucumber Scenarios" data-provider="scenarios" finished-at="2025-08-19T13:27:05 IST" duration-ms="1805" status="PASS">
          <params>
            <param index="0">
              <value>
                <![CDATA["Verify that cab service link navigates to the correct page"]]>
              </value>
            </param>
            <param index="1">
              <value>
                <![CDATA["Service Page Cab Type Link Navigation"]]>
              </value>
            </param>
          </params>
          <reporter-output>
          </reporter-output>
        </test-method> <!-- runScenario -->
        <test-method signature="runScenario(io.cucumber.testng.PickleWrapper,io.cucumber.testng.FeatureWrapper)[pri:0, instance:com.calltaxi.runners.TestRunner1@6aba2b86]" started-at="2025-08-19T13:27:05 IST" name="runScenario" description="Runs Cucumber Scenarios" data-provider="scenarios" finished-at="2025-08-19T13:27:07 IST" duration-ms="1575" status="PASS">
          <params>
            <param index="0">
              <value>
                <![CDATA["Verify that cab service link navigates to the correct page"]]>
              </value>
            </param>
            <param index="1">
              <value>
                <![CDATA["Service Page Cab Type Link Navigation"]]>
              </value>
            </param>
          </params>
          <reporter-output>
          </reporter-output>
        </test-method> <!-- runScenario -->
        <test-method is-config="true" signature="tearDownClass()[pri:0, instance:com.calltaxi.runners.TestRunner1@6aba2b86]" started-at="2025-08-19T13:27:07 IST" name="tearDownClass" finished-at="2025-08-19T13:27:07 IST" duration-ms="459" status="PASS">
          <reporter-output>
          </reporter-output>
        </test-method> <!-- tearDownClass -->
      </class> <!-- com.calltaxi.runners.TestRunner1 -->
    </test> <!-- Surefire test -->
  </suite> <!-- Surefire suite -->
</testng-results>
