<?xml version="1.0" encoding="UTF-8"?>
<testng-results ignored="0" total="14" passed="10" failed="4" skipped="0">
  <reporter-output>
  </reporter-output>
  <suite started-at="2025-08-19T12:22:22 IST" name="Suite" finished-at="2025-08-19T12:23:30 IST" duration-ms="68333">
    <groups>
      <group name="cucumber">
        <method signature="AbstractTestNGCucumberTests.runScenario(io.cucumber.testng.PickleWrapper,io.cucumber.testng.FeatureWrapper)[pri:0, instance:com.calltaxi.runners.TestRunner1@6f45df59]" name="runScenario" class="io.cucumber.testng.AbstractTestNGCucumberTests"/>
      </group> <!-- cucumber -->
    </groups>
    <test started-at="2025-08-19T12:22:22 IST" name="Cucumber Tests" finished-at="2025-08-19T12:23:30 IST" duration-ms="68333">
      <class name="com.calltaxi.runners.TestRunner1">
        <test-method is-config="true" signature="setUpClass(org.testng.ITestContext)[pri:0, instance:com.calltaxi.runners.TestRunner1@6f45df59]" started-at="2025-08-19T12:22:22 IST" name="setUpClass" finished-at="2025-08-19T12:22:24 IST" duration-ms="1889" status="PASS">
          <params>
            <param index="0">
              <value>
                <![CDATA[org.testng.TestRunner@3f67f5ff]]>
              </value>
            </param>
          </params>
          <reporter-output>
          </reporter-output>
        </test-method> <!-- setUpClass -->
        <test-method signature="runScenario(io.cucumber.testng.PickleWrapper,io.cucumber.testng.FeatureWrapper)[pri:0, instance:com.calltaxi.runners.TestRunner1@6f45df59]" started-at="2025-08-19T12:22:24 IST" name="runScenario" description="Runs Cucumber Scenarios" data-provider="scenarios" finished-at="2025-08-19T12:22:35 IST" duration-ms="10914" status="PASS">
          <params>
            <param index="0">
              <value>
                <![CDATA["Submit form with all valid data"]]>
              </value>
            </param>
            <param index="1">
              <value>
                <![CDATA["Booking Page UI and Functional Validation"]]>
              </value>
            </param>
          </params>
          <reporter-output>
          </reporter-output>
        </test-method> <!-- runScenario -->
        <test-method signature="runScenario(io.cucumber.testng.PickleWrapper,io.cucumber.testng.FeatureWrapper)[pri:0, instance:com.calltaxi.runners.TestRunner1@6f45df59]" started-at="2025-08-19T12:22:35 IST" name="runScenario" description="Runs Cucumber Scenarios" data-provider="scenarios" finished-at="2025-08-19T12:22:39 IST" duration-ms="4214" status="PASS">
          <params>
            <param index="0">
              <value>
                <![CDATA["Submit form with missing name"]]>
              </value>
            </param>
            <param index="1">
              <value>
                <![CDATA["Booking Page UI and Functional Validation"]]>
              </value>
            </param>
          </params>
          <reporter-output>
          </reporter-output>
        </test-method> <!-- runScenario -->
        <test-method signature="runScenario(io.cucumber.testng.PickleWrapper,io.cucumber.testng.FeatureWrapper)[pri:0, instance:com.calltaxi.runners.TestRunner1@6f45df59]" started-at="2025-08-19T12:22:39 IST" name="runScenario" description="Runs Cucumber Scenarios" data-provider="scenarios" finished-at="2025-08-19T12:22:44 IST" duration-ms="5313" status="FAIL">
          <params>
            <param index="0">
              <value>
                <![CDATA["Error message for invalid data should be shown under "name" field"]]>
              </value>
            </param>
            <param index="1">
              <value>
                <![CDATA["Booking Page UI and Functional Validation"]]>
              </value>
            </param>
          </params>
          <exception class="java.lang.AssertionError">
            <message>
              <![CDATA[Validation failed for field: name]]>
            </message>
            <full-stacktrace>
              <![CDATA[java.lang.AssertionError: Validation failed for field: name
at org.junit.Assert.fail(Assert.java:89)
at org.junit.Assert.assertTrue(Assert.java:42)
at com.calltaxi.stepdefinitions.BookingStepsExcel.validate_error_under_field(BookingStepsExcel.java:119)
at ✽.Error message "Please enter a valid name" should be shown under "name" field(file:///C:/Users/pande/Downloads/Sprint2New/Sprint2/CallTaxiAutomation/src/test/java/com/calltaxi/features/booking.feature:28)
]]>
            </full-stacktrace>
          </exception> <!-- java.lang.AssertionError -->
          <reporter-output>
          </reporter-output>
        </test-method> <!-- runScenario -->
        <test-method signature="runScenario(io.cucumber.testng.PickleWrapper,io.cucumber.testng.FeatureWrapper)[pri:0, instance:com.calltaxi.runners.TestRunner1@6f45df59]" started-at="2025-08-19T12:22:44 IST" name="runScenario" description="Runs Cucumber Scenarios" data-provider="scenarios" finished-at="2025-08-19T12:22:49 IST" duration-ms="5112" status="FAIL">
          <params>
            <param index="0">
              <value>
                <![CDATA["Error message for invalid data should be shown under "email" field"]]>
              </value>
            </param>
            <param index="1">
              <value>
                <![CDATA["Booking Page UI and Functional Validation"]]>
              </value>
            </param>
          </params>
          <exception class="java.lang.AssertionError">
            <message>
              <![CDATA[Validation failed for field: email]]>
            </message>
            <full-stacktrace>
              <![CDATA[java.lang.AssertionError: Validation failed for field: email
at org.junit.Assert.fail(Assert.java:89)
at org.junit.Assert.assertTrue(Assert.java:42)
at com.calltaxi.stepdefinitions.BookingStepsExcel.validate_error_under_field(BookingStepsExcel.java:119)
at ✽.Error message "Please enter a valid email" should be shown under "email" field(file:///C:/Users/pande/Downloads/Sprint2New/Sprint2/CallTaxiAutomation/src/test/java/com/calltaxi/features/booking.feature:28)
]]>
            </full-stacktrace>
          </exception> <!-- java.lang.AssertionError -->
          <reporter-output>
          </reporter-output>
        </test-method> <!-- runScenario -->
        <test-method signature="runScenario(io.cucumber.testng.PickleWrapper,io.cucumber.testng.FeatureWrapper)[pri:0, instance:com.calltaxi.runners.TestRunner1@6f45df59]" started-at="2025-08-19T12:22:49 IST" name="runScenario" description="Runs Cucumber Scenarios" data-provider="scenarios" finished-at="2025-08-19T12:22:55 IST" duration-ms="5075" status="FAIL">
          <params>
            <param index="0">
              <value>
                <![CDATA["Error message for invalid data should be shown under "phone" field"]]>
              </value>
            </param>
            <param index="1">
              <value>
                <![CDATA["Booking Page UI and Functional Validation"]]>
              </value>
            </param>
          </params>
          <exception class="java.lang.AssertionError">
            <message>
              <![CDATA[Validation failed for field: phone]]>
            </message>
            <full-stacktrace>
              <![CDATA[java.lang.AssertionError: Validation failed for field: phone
at org.junit.Assert.fail(Assert.java:89)
at org.junit.Assert.assertTrue(Assert.java:42)
at com.calltaxi.stepdefinitions.BookingStepsExcel.validate_error_under_field(BookingStepsExcel.java:119)
at ✽.Error message "Please enter a valid phone number" should be shown under "phone" field(file:///C:/Users/pande/Downloads/Sprint2New/Sprint2/CallTaxiAutomation/src/test/java/com/calltaxi/features/booking.feature:28)
]]>
            </full-stacktrace>
          </exception> <!-- java.lang.AssertionError -->
          <reporter-output>
          </reporter-output>
        </test-method> <!-- runScenario -->
        <test-method signature="runScenario(io.cucumber.testng.PickleWrapper,io.cucumber.testng.FeatureWrapper)[pri:0, instance:com.calltaxi.runners.TestRunner1@6f45df59]" started-at="2025-08-19T12:22:55 IST" name="runScenario" description="Runs Cucumber Scenarios" data-provider="scenarios" finished-at="2025-08-19T12:23:00 IST" duration-ms="5119" status="FAIL">
          <params>
            <param index="0">
              <value>
                <![CDATA["Error message for invalid data should be shown under "pickup time" field"]]>
              </value>
            </param>
            <param index="1">
              <value>
                <![CDATA["Booking Page UI and Functional Validation"]]>
              </value>
            </param>
          </params>
          <exception class="java.lang.AssertionError">
            <message>
              <![CDATA[Validation failed for field: pickup time]]>
            </message>
            <full-stacktrace>
              <![CDATA[java.lang.AssertionError: Validation failed for field: pickup time
at org.junit.Assert.fail(Assert.java:89)
at org.junit.Assert.assertTrue(Assert.java:42)
at com.calltaxi.stepdefinitions.BookingStepsExcel.validate_error_under_field(BookingStepsExcel.java:119)
at ✽.Error message "Please enter a valid pickup time" should be shown under "pickup time" field(file:///C:/Users/pande/Downloads/Sprint2New/Sprint2/CallTaxiAutomation/src/test/java/com/calltaxi/features/booking.feature:28)
]]>
            </full-stacktrace>
          </exception> <!-- java.lang.AssertionError -->
          <reporter-output>
          </reporter-output>
        </test-method> <!-- runScenario -->
        <test-method signature="runScenario(io.cucumber.testng.PickleWrapper,io.cucumber.testng.FeatureWrapper)[pri:0, instance:com.calltaxi.runners.TestRunner1@6f45df59]" started-at="2025-08-19T12:23:00 IST" name="runScenario" description="Runs Cucumber Scenarios" data-provider="scenarios" finished-at="2025-08-19T12:23:04 IST" duration-ms="4087" status="PASS">
          <params>
            <param index="0">
              <value>
                <![CDATA["Submit form with missing trip type"]]>
              </value>
            </param>
            <param index="1">
              <value>
                <![CDATA["Booking Page UI and Functional Validation"]]>
              </value>
            </param>
          </params>
          <reporter-output>
          </reporter-output>
        </test-method> <!-- runScenario -->
        <test-method signature="runScenario(io.cucumber.testng.PickleWrapper,io.cucumber.testng.FeatureWrapper)[pri:0, instance:com.calltaxi.runners.TestRunner1@6f45df59]" started-at="2025-08-19T12:23:04 IST" name="runScenario" description="Runs Cucumber Scenarios" data-provider="scenarios" finished-at="2025-08-19T12:23:08 IST" duration-ms="4370" status="PASS">
          <params>
            <param index="0">
              <value>
                <![CDATA["Submit form with missing number of passengers"]]>
              </value>
            </param>
            <param index="1">
              <value>
                <![CDATA["Booking Page UI and Functional Validation"]]>
              </value>
            </param>
          </params>
          <reporter-output>
          </reporter-output>
        </test-method> <!-- runScenario -->
        <test-method signature="runScenario(io.cucumber.testng.PickleWrapper,io.cucumber.testng.FeatureWrapper)[pri:0, instance:com.calltaxi.runners.TestRunner1@6f45df59]" started-at="2025-08-19T12:23:08 IST" name="runScenario" description="Runs Cucumber Scenarios" data-provider="scenarios" finished-at="2025-08-19T12:23:14 IST" duration-ms="5810" status="PASS">
          <params>
            <param index="0">
              <value>
                <![CDATA["Booking with row 0 from Excel data"]]>
              </value>
            </param>
            <param index="1">
              <value>
                <![CDATA["Booking Page UI and Functional Validation"]]>
              </value>
            </param>
          </params>
          <reporter-output>
          </reporter-output>
        </test-method> <!-- runScenario -->
        <test-method signature="runScenario(io.cucumber.testng.PickleWrapper,io.cucumber.testng.FeatureWrapper)[pri:0, instance:com.calltaxi.runners.TestRunner1@6f45df59]" started-at="2025-08-19T12:23:14 IST" name="runScenario" description="Runs Cucumber Scenarios" data-provider="scenarios" finished-at="2025-08-19T12:23:18 IST" duration-ms="4231" status="PASS">
          <params>
            <param index="0">
              <value>
                <![CDATA["Booking with row 1 from Excel data"]]>
              </value>
            </param>
            <param index="1">
              <value>
                <![CDATA["Booking Page UI and Functional Validation"]]>
              </value>
            </param>
          </params>
          <reporter-output>
          </reporter-output>
        </test-method> <!-- runScenario -->
        <test-method signature="runScenario(io.cucumber.testng.PickleWrapper,io.cucumber.testng.FeatureWrapper)[pri:0, instance:com.calltaxi.runners.TestRunner1@6f45df59]" started-at="2025-08-19T12:23:18 IST" name="runScenario" description="Runs Cucumber Scenarios" data-provider="scenarios" finished-at="2025-08-19T12:23:21 IST" duration-ms="2741" status="PASS">
          <params>
            <param index="0">
              <value>
                <![CDATA["Verify that cab service link navigates to the correct page"]]>
              </value>
            </param>
            <param index="1">
              <value>
                <![CDATA["Service Page Cab Type Link Navigation"]]>
              </value>
            </param>
          </params>
          <reporter-output>
          </reporter-output>
        </test-method> <!-- runScenario -->
        <test-method signature="runScenario(io.cucumber.testng.PickleWrapper,io.cucumber.testng.FeatureWrapper)[pri:0, instance:com.calltaxi.runners.TestRunner1@6f45df59]" started-at="2025-08-19T12:23:21 IST" name="runScenario" description="Runs Cucumber Scenarios" data-provider="scenarios" finished-at="2025-08-19T12:23:24 IST" duration-ms="2764" status="PASS">
          <params>
            <param index="0">
              <value>
                <![CDATA["Verify that cab service link navigates to the correct page"]]>
              </value>
            </param>
            <param index="1">
              <value>
                <![CDATA["Service Page Cab Type Link Navigation"]]>
              </value>
            </param>
          </params>
          <reporter-output>
          </reporter-output>
        </test-method> <!-- runScenario -->
        <test-method signature="runScenario(io.cucumber.testng.PickleWrapper,io.cucumber.testng.FeatureWrapper)[pri:0, instance:com.calltaxi.runners.TestRunner1@6f45df59]" started-at="2025-08-19T12:23:24 IST" name="runScenario" description="Runs Cucumber Scenarios" data-provider="scenarios" finished-at="2025-08-19T12:23:27 IST" duration-ms="2918" status="PASS">
          <params>
            <param index="0">
              <value>
                <![CDATA["Verify that cab service link navigates to the correct page"]]>
              </value>
            </param>
            <param index="1">
              <value>
                <![CDATA["Service Page Cab Type Link Navigation"]]>
              </value>
            </param>
          </params>
          <reporter-output>
          </reporter-output>
        </test-method> <!-- runScenario -->
        <test-method signature="runScenario(io.cucumber.testng.PickleWrapper,io.cucumber.testng.FeatureWrapper)[pri:0, instance:com.calltaxi.runners.TestRunner1@6f45df59]" started-at="2025-08-19T12:23:27 IST" name="runScenario" description="Runs Cucumber Scenarios" data-provider="scenarios" finished-at="2025-08-19T12:23:29 IST" duration-ms="2850" status="PASS">
          <params>
            <param index="0">
              <value>
                <![CDATA["Verify that cab service link navigates to the correct page"]]>
              </value>
            </param>
            <param index="1">
              <value>
                <![CDATA["Service Page Cab Type Link Navigation"]]>
              </value>
            </param>
          </params>
          <reporter-output>
          </reporter-output>
        </test-method> <!-- runScenario -->
        <test-method is-config="true" signature="tearDownClass()[pri:0, instance:com.calltaxi.runners.TestRunner1@6f45df59]" started-at="2025-08-19T12:23:29 IST" name="tearDownClass" finished-at="2025-08-19T12:23:30 IST" duration-ms="786" status="PASS">
          <reporter-output>
          </reporter-output>
        </test-method> <!-- tearDownClass -->
      </class> <!-- com.calltaxi.runners.TestRunner1 -->
    </test> <!-- Cucumber Tests -->
  </suite> <!-- Suite -->
</testng-results>
